Arguments: 
  /Users/luoyongyu/.nvs/node/12.13.0/x64/bin/node /Users/luoyongyu/.nvs/default/bin/yarn install

PATH: 
  /Users/luoyongyu/.nvs/default/bin:/usr/local/bin:/usr/bin:/bin:/usr/sbin:/sbin:/Users/luoyongyu/.nvs/default/bin:/usr/local/bin

Yarn version: 
  1.22.4

Node version: 
  12.13.0

Platform: 
  darwin x64

Trace: 
  Error: https://registry.npmjs.org/@ali%2foss-cdn: Not found
      at Request.params.callback [as _callback] (/Users/luoyongyu/.nvs/node/12.13.0/x64/lib/node_modules/yarn/lib/cli.js:66987:18)
      at Request.self.callback (/Users/luoyongyu/.nvs/node/12.13.0/x64/lib/node_modules/yarn/lib/cli.js:140748:22)
      at Request.emit (events.js:210:5)
      at Request.<anonymous> (/Users/luoyongyu/.nvs/node/12.13.0/x64/lib/node_modules/yarn/lib/cli.js:141720:10)
      at Request.emit (events.js:210:5)
      at IncomingMessage.<anonymous> (/Users/luoyongyu/.nvs/node/12.13.0/x64/lib/node_modules/yarn/lib/cli.js:141642:12)
      at Object.onceWrapper (events.js:299:28)
      at IncomingMessage.emit (events.js:215:7)
      at endReadableNT (_stream_readable.js:1183:12)
      at processTicksAndRejections (internal/process/task_queues.js:80:21)

npm manifest: 
  {
    "//name": "请输入name",
    "name": "star",
    "version": "1.0.3",
    "//description": "请输入description",
    "description": "",
    "scripts": {
      "start": "cross-env NODE_ENV=development webpack-dev-server --open",
      "build": "cross-env NODE_ENV=production webpack"
    },
    "author": "",
    "license": "ISC",
    "devDependencies": {
      "@babel/preset-env": "^7.10.3",
      "babel-core": "^6.26.3",
      "babel-loader": "^6.4.1",
      "babel-plugin-component": "^1.1.1",
      "babel-preset-env": "^1.7.0",
      "autoprefixer": "^8.6.0",
      "cache-loader": "^4.1.0",
      "chalk": "^4.0.0",
      "clean-webpack-plugin": "^3.0.0",
      "commander": "^5.1.0",
      "cross-env": "^5.1.3",
      "css-loader": "^3.1.0",
      "cssnano": "^4.1.10",
      "file-loader": "^3.0.1",
      "glob-all": "^3.1.0",
      "happypack": "^5.0.1",
      "html-loader": "^0.5.5",
      "html-webpack-plugin": "^3.2.0",
      "image-webpack-loader": "^4.6.0",
      "mini-css-extract-plugin": "^0.8.0",
      "postcss-loader": "^3.0.0",
      "speed-measure-webpack-plugin": "^1.3.3",
      "url-loader": "^1.1.2",
      "webpack": "^4.39.1",
      "webpack-cli": "^3.3.6",
      "webpack-dev-server": "^3.3.1"
    },
    "dependencies": {
      "@ali/oss-cdn": "^1.1.0",
      "@babel/core": "^7.10.0",
      "ali-oss": "^6.8.0",
      "autoprefixer": "^8.6.0",
      "axios": "^0.18.0",
      "babel-core": "^6.26.3",
      "babel-loader": "^8.1.0",
      "babel-preset-env": "^1.7.0",
      "cache-loader": "^4.1.0",
      "chalk": "^4.0.0",
      "clean-webpack-plugin": "^3.0.0",
      "commander": "^5.1.0",
      "cross-env": "^5.1.3",
      "css-loader": "^3.1.0",
      "cssnano": "^4.1.10",
      "element-ui": "^2.13.2",
      "file-loader": "^3.0.1",
      "file-system": "^2.2.2",
      "glob-all": "^3.1.0",
      "happypack": "^5.0.1",
      "html-loader": "^0.5.5",
      "html-webpack-plugin": "^3.2.0",
      "image-webpack-loader": "^4.6.0",
      "jquery": "^1.11.3",
      "less": "^3.11.3",
      "less-loader": "^6.1.3",
      "mini-css-extract-plugin": "^0.8.0",
      "postcss-loader": "^3.0.0",
      "qs": "^6.9.4",
      "speed-measure-webpack-plugin": "^1.3.3",
      "url-loader": "^1.1.2",
      "vue": "^2.6.11",
      "vue-loader": "^15.9.2",
      "vue-router": "^3.2.0",
      "vue-template-compiler": "^2.6.11",
      "webpack": "^4.39.1",
      "webpack-cli": "^3.3.6",
      "webpack-dev-server": "^3.3.1",
      "webpack-merge": "^4.2.2"
    }
  }

yarn manifest: 
  No manifest

Lockfile: 
  No lockfile
